<?xml version="1.0" encoding="UTF-8"?>
<!-- Generated by org.testng.reporters.JUnitXMLReporter -->
<testsuite ignored="0" hostname="DESKTOP-92N64IC" failures="0" tests="12" name="Default test" time="259.782" errors="0" timestamp="04 Feb 2025 12:57:26 GMT">
  <testcase classname="Test_Suit.SmokeTestSuite" name="AddGoalPlan" time="36.494"/>
  <testcase classname="Test_Suit.SmokeTestSuite" name="AddPMSCycle" time="20.436"/>
  <testcase classname="Test_Suit.SmokeTestSuite" name="Initiate_PMSCycle" time="16.442"/>
  <testcase classname="Test_Suit.SmokeTestSuite" name="Manager_AddGoalTo_Emp" time="25.229"/>
  <testcase classname="Test_Suit.SmokeTestSuite" name="Employee_AssessmentSubmission" time="19.789"/>
  <testcase classname="Test_Suit.SmokeTestSuite" name="Manager_AssessmentSubmissionTo_Skip" time="15.941"/>
  <testcase classname="Test_Suit.SmokeTestSuite" name="Skip_Approval" time="11.549"/>
  <testcase classname="Test_Suit.SmokeTestSuite" name="OneToOneMeeting_Manager" time="13.259"/>
  <testcase classname="Test_Suit.SmokeTestSuite" name="OnToOneMeeting_Employee" time="9.985"/>
  <testcase classname="Test_Suit.SmokeTestSuite" name="Finalize_Emp_Appraisal" time="22.288"/>
  <testcase classname="Test_Suit.SmokeTestSuite" name="Remove_EmployeesFromGoalPlan" time="32.787"/>
  <testcase classname="Test_Suit.SmokeTestSuite" name="DeletionOf_PMSCycleAndGoalPlan" time="21.18"/>
</testsuite> <!-- Default test -->
