<?xml version="1.0" encoding="UTF-8"?>
<!-- Generated by org.testng.reporters.JUnitXMLReporter -->
<testsuite ignored="2" hostname="DESKTOP-92N64IC" failures="0" tests="1" name="Default test" time="39.757" errors="0" timestamp="21 Nov 2024 06:03:23 GMT">
  <testcase classname="Test_Suit.SmokeTestSuite" name="Manager_AddGoalTo_Emp" time="27.232"/>
  <testcase classname="Test_Suit.SmokeTestSuite" name="DeletionOf_PMSCycleAndGoalPlan" time="0.0">
    <ignored/>
  </testcase> <!-- DeletionOf_PMSCycleAndGoalPlan -->
  <testcase classname="Test_Suit.SmokeTestSuite" name="Remove_EmployeesFromGoalPlan" time="0.0">
    <ignored/>
  </testcase> <!-- Remove_EmployeesFromGoalPlan -->
</testsuite> <!-- Default test -->
