<?xml version="1.0" encoding="UTF-8"?>
<testsuite xmlns:xsi="http://www.w3.org/2001/XMLSchema-instance" xsi:noNamespaceSchemaLocation="https://maven.apache.org/surefire/maven-surefire-plugin/xsd/surefire-test-report-3.0.xsd" version="3.0" name="TestSuite" time="355.613" tests="12" errors="0" skipped="0" failures="0">
  <properties>
[...]
</properties>
  <testcase name="AddGoalPlan" classname="Test_Suit.SmokeTestSuite" time="36.644">
    <system-out><![CDATA[[TestNGContentHandler] [WARN] It is strongly recommended to add "<!DOCTYPE suite SYSTEM "http://testng.org/testng-1.0.dtd" >" at the top of your file, otherwise TestNG may fail or not work as expected.
lang is : NormalFlowTest
java.io.FileInputStream@33ecda92
lang not found...NormalFlowTest
browser name is : chrome
Automation Group ( Automation Group)
]]></system-out>
    <system-err><![CDATA[Oct 29, 2024 12:28:45 PM org.openqa.selenium.devtools.CdpVersionFinder findNearestMatch
WARNING: Unable to find an exact match for CDP version 130, returning the closest version; found: 127; Please update to a Selenium version that supports CDP version 130
]]></system-err>
  </testcase>
  <testcase name="AddPMSCycle" classname="Test_Suit.SmokeTestSuite" time="15.742"/>
  <testcase name="Initiate_PMSCycle" classname="Test_Suit.SmokeTestSuite" time="19.556">
    <system-out><![CDATA[true
]]></system-out>
  </testcase>
  <testcase name="Manager_AddGoalTo_Emp" classname="Test_Suit.SmokeTestSuite" time="41.918">
    <system-out><![CDATA[Number of questions: 21
[[[ChromeDriver: chrome on windows (fc323b9ed8898baebb29c0e939356205)] -> xpath: //li[@aria-selected="false"]], [[ChromeDriver: chrome on windows (fc323b9ed8898baebb29c0e939356205)] -> xpath: //li[@aria-selected="false"]], [[ChromeDriver: chrome on windows (fc323b9ed8898baebb29c0e939356205)] -> xpath: //li[@aria-selected="false"]], [[ChromeDriver: chrome on windows (fc323b9ed8898baebb29c0e939356205)] -> xpath: //li[@aria-selected="false"]], [[ChromeDriver: chrome on windows (fc323b9ed8898baebb29c0e939356205)] -> xpath: //li[@aria-selected="false"]], [[ChromeDriver: chrome on windows (fc323b9ed8898baebb29c0e939356205)] -> xpath: //li[@aria-selected="false"]], [[ChromeDriver: chrome on windows (fc323b9ed8898baebb29c0e939356205)] -> xpath: //li[@aria-selected="false"]], [[ChromeDriver: chrome on windows (fc323b9ed8898baebb29c0e939356205)] -> xpath: //li[@aria-selected="false"]], [[ChromeDriver: chrome on windows (fc323b9ed8898baebb29c0e939356205)] -> xpath: //li[@aria-selected="false"]], [[ChromeDriver: chrome on windows (fc323b9ed8898baebb29c0e939356205)] -> xpath: //li[@aria-selected="false"]], [[ChromeDriver: chrome on windows (fc323b9ed8898baebb29c0e939356205)] -> xpath: //li[@aria-selected="false"]], [[ChromeDriver: chrome on windows (fc323b9ed8898baebb29c0e939356205)] -> xpath: //li[@aria-selected="false"]], [[ChromeDriver: chrome on windows (fc323b9ed8898baebb29c0e939356205)] -> xpath: //li[@aria-selected="false"]], [[ChromeDriver: chrome on windows (fc323b9ed8898baebb29c0e939356205)] -> xpath: //li[@aria-selected="false"]], [[ChromeDriver: chrome on windows (fc323b9ed8898baebb29c0e939356205)] -> xpath: //li[@aria-selected="false"]], [[ChromeDriver: chrome on windows (fc323b9ed8898baebb29c0e939356205)] -> xpath: //li[@aria-selected="false"]], [[ChromeDriver: chrome on windows (fc323b9ed8898baebb29c0e939356205)] -> xpath: //li[@aria-selected="false"]], [[ChromeDriver: chrome on windows (fc323b9ed8898baebb29c0e939356205)] -> xpath: //li[@aria-selected="false"]], [[ChromeDriver: chrome on windows (fc323b9ed8898baebb29c0e939356205)] -> xpath: //li[@aria-selected="false"]], [[ChromeDriver: chrome on windows (fc323b9ed8898baebb29c0e939356205)] -> xpath: //li[@aria-selected="false"]], [[ChromeDriver: chrome on windows (fc323b9ed8898baebb29c0e939356205)] -> xpath: //li[@aria-selected="false"]]]
ActOKRs
]]></system-out>
  </testcase>
  <testcase name="Employee_AssessmentSubmission" classname="Test_Suit.SmokeTestSuite" time="22.635">
    <system-out><![CDATA[1
Random number between 1 and 100: 32
]]></system-out>
  </testcase>
  <testcase name="Manager_AssessmentSubmissionTo_Skip" classname="Test_Suit.SmokeTestSuite" time="18.508">
    <system-out><![CDATA[1
Random number between 1 and 100: 68
]]></system-out>
  </testcase>
  <testcase name="Skip_Approval" classname="Test_Suit.SmokeTestSuite" time="13.505">
    <system-out><![CDATA[Submitted successfully
]]></system-out>
  </testcase>
  <testcase name="OneToOneMeeting_Manager" classname="Test_Suit.SmokeTestSuite" time="16.425">
    <system-out><![CDATA[Submitted successfully
]]></system-out>
  </testcase>
  <testcase name="OnToOneMeeting_Employee" classname="Test_Suit.SmokeTestSuite" time="12.408"/>
  <testcase name="Finalize_Emp_Appraisal" classname="Test_Suit.SmokeTestSuite" time="26.987">
    <system-out><![CDATA[Finalized
]]></system-out>
  </testcase>
  <testcase name="Remove_EmployeesFromGoalPlan" classname="Test_Suit.SmokeTestSuite" time="48.046">
    <system-out><![CDATA[Number of rows: 3



ResetManagerAssessment
Remove Employee from this PMS Cycle
Remove Employee from this PMS Cycle
Remove Employee from this PMS Cycle
Remove Employee from this PMS Cycle
Remove Employee from this PMS Cycle
Remove Employee from this PMS Cycle
]]></system-out>
  </testcase>
  <testcase name="DeletionOf_PMSCycleAndGoalPlan" classname="Test_Suit.SmokeTestSuite" time="31.746">
    <system-out><![CDATA[Number of rows in the table: 10
Automation Test PMS 5
Number of rows in the table: 10
Automation Test PMS 5
Automation Test PMS 5
]]></system-out>
    <system-err><![CDATA[true
]]></system-err>
  </testcase>
</testsuite>